{
  "0 debug pnpm:scope": {
    "selected": 1
  },
  "1 debug pnpm:package-manifest": {
    "initial": {
      "dependencies": {
        "@ant-design/icons": "^4.8.0",
        "echarts": "^5.4.0",
        "echarts-wordcloud": "^1.1.3",
        "esbuild-darwin-arm64": "^0.14.49",
        "torrent": "^2.0.0",
        "webpack": "^5.73.0",
        "webpack-cli": "^4.10.0"
      }
    },
    "prefix": "/Users/admin"
  },
  "2 debug pnpm:context": {
    "currentLockfileExists": true,
    "storeDir": "/Users/admin/.pnpm-store/v3",
    "virtualStoreDir": "/Users/admin/node_modules/.pnpm"
  },
  "3 debug pnpm:stage": {
    "prefix": "/Users/admin",
    "stage": "resolution_started"
  },
  "4 warn pnpm": {
    "message": "Moving @ant-design/icons that was installed by a different package manager to \"node_modules/.ignored",
    "prefix": "/Users/admin"
  },
  "5 warn pnpm": {
    "message": "Moving echarts that was installed by a different package manager to \"node_modules/.ignored",
    "prefix": "/Users/admin"
  },
  "6 error pnpm": {
    "errno": -66,
    "code": "ENOTEMPTY",
    "syscall": "rename",
    "path": "/Users/admin/node_modules/echarts",
    "dest": "/Users/admin/node_modules/.ignored/echarts",
    "err": {
      "name": "pnpm",
      "message": "ENOTEMPTY: directory not empty, rename '/Users/admin/node_modules/echarts' -> '/Users/admin/node_modules/.ignored/echarts'",
      "code": "ENOTEMPTY",
      "stack": "pnpm: ENOTEMPTY: directory not empty, rename '/Users/admin/node_modules/echarts' -> '/Users/admin/node_modules/.ignored/echarts'"
    }
  }
}